Flow report for microprocessor
Sat Dec 10 10:29:05 2016
Quartus Prime Version 16.1.0 Build 196 10/24/2016 SJ Lite Edition


---------------------
; Table of Contents ;
---------------------
  1. Legal Notice
  2. Flow Summary
  3. Flow Settings
  4. Flow Non-Default Global Settings
  5. Flow Elapsed Time
  6. Flow OS Summary
  7. Flow Log
  8. Flow Messages
  9. Flow Suppressed Messages



----------------
; Legal Notice ;
----------------
Copyright (C) 2016  Intel Corporation. All rights reserved.
Your use of Intel Corporation's design tools, logic functions 
and other software and tools, and its AMPP partner logic 
functions, and any output files from any of the foregoing 
(including device programming or simulation files), and any 
associated documentation or information are expressly subject 
to the terms and conditions of the Intel Program License 
Subscription Agreement, the Intel Quartus Prime License Agreement,
the Intel MegaCore Function License Agreement, or other 
applicable license agreement, including, without limitation, 
that your use is for the sole purpose of programming logic 
devices manufactured by Intel and sold by Intel or its 
authorized distributors.  Please refer to the applicable 
agreement for further details.



+----------------------------------------------------------------------------------+
; Flow Summary                                                                     ;
+------------------------------------+---------------------------------------------+
; Flow Status                        ; Successful - Sat Dec 10 10:29:05 2016       ;
; Quartus Prime Version              ; 16.1.0 Build 196 10/24/2016 SJ Lite Edition ;
; Revision Name                      ; microprocessor                              ;
; Top-level Entity Name              ; microprocessor                              ;
; Family                             ; Cyclone IV E                                ;
; Device                             ; EP4CE6E22I8L                                ;
; Timing Models                      ; Final                                       ;
; Total logic elements               ; 0 / 6,272 ( 0 % )                           ;
;     Total combinational functions  ; 0 / 6,272 ( 0 % )                           ;
;     Dedicated logic registers      ; 0 / 6,272 ( 0 % )                           ;
; Total registers                    ; 0                                           ;
; Total pins                         ; 2 / 92 ( 2 % )                              ;
; Total virtual pins                 ; 0                                           ;
; Total memory bits                  ; 0 / 276,480 ( 0 % )                         ;
; Embedded Multiplier 9-bit elements ; 0 / 30 ( 0 % )                              ;
; Total PLLs                         ; 0 / 2 ( 0 % )                               ;
+------------------------------------+---------------------------------------------+


+-----------------------------------------+
; Flow Settings                           ;
+-------------------+---------------------+
; Option            ; Setting             ;
+-------------------+---------------------+
; Start date & time ; 12/10/2016 10:28:35 ;
; Main task         ; Compilation         ;
; Revision Name     ; microprocessor      ;
+-------------------+---------------------+


+------------------------------------------------------------------------------------------------------------------------------+
; Flow Non-Default Global Settings                                                                                             ;
+--------------------------------------+----------------------------------------+---------------+-------------+----------------+
; Assignment Name                      ; Value                                  ; Default Value ; Entity Name ; Section Id     ;
+--------------------------------------+----------------------------------------+---------------+-------------+----------------+
; COMPILER_SIGNATURE_ID                ; 246927996093656.148134591508248        ; --            ; --          ; --             ;
; EDA_DESIGN_INSTANCE_NAME             ; dut                                    ; --            ; --          ; testbench      ;
; EDA_NATIVELINK_SIMULATION_TEST_BENCH ; testbench                              ; --            ; --          ; eda_simulation ;
; EDA_OUTPUT_DATA_FORMAT               ; Verilog Hdl                            ; --            ; --          ; eda_simulation ;
; EDA_SIMULATION_TOOL                  ; ModelSim-Altera (Verilog)              ; <None>        ; --          ; --             ;
; EDA_TEST_BENCH_ENABLE_STATUS         ; TEST_BENCH_MODE                        ; --            ; --          ; eda_simulation ;
; EDA_TEST_BENCH_FILE                  ; testbench.vhd                          ; --            ; --          ; testbench      ;
; EDA_TEST_BENCH_MODULE_NAME           ; testbench                              ; --            ; --          ; testbench      ;
; EDA_TEST_BENCH_NAME                  ; testbench                              ; --            ; --          ; eda_simulation ;
; EDA_TIME_SCALE                       ; 1 ps                                   ; --            ; --          ; eda_simulation ;
; MAX_CORE_JUNCTION_TEMP               ; 100                                    ; --            ; --          ; --             ;
; MIN_CORE_JUNCTION_TEMP               ; -40                                    ; --            ; --          ; --             ;
; MISC_FILE                            ; instruction_memory.bsf                 ; --            ; --          ; --             ;
; MISC_FILE                            ; instruction_memory_inst.vhd            ; --            ; --          ; --             ;
; MISC_FILE                            ; instruction_memory.inc                 ; --            ; --          ; --             ;
; MISC_FILE                            ; instruction_memory.cmp                 ; --            ; --          ; --             ;
; MISC_FILE                            ; instruction_memory_syn.v               ; --            ; --          ; --             ;
; MISC_FILE                            ; data_memory.bsf                        ; --            ; --          ; --             ;
; MISC_FILE                            ; data_memory_inst.vhd                   ; --            ; --          ; --             ;
; MISC_FILE                            ; data_memory.inc                        ; --            ; --          ; --             ;
; MISC_FILE                            ; data_memory.cmp                        ; --            ; --          ; --             ;
; MISC_FILE                            ; data_memory_syn.v                      ; --            ; --          ; --             ;
; NUM_PARALLEL_PROCESSORS              ; 2                                      ; --            ; --          ; --             ;
; PARTITION_COLOR                      ; -- (Not supported for targeted family) ; --            ; --          ; Top            ;
; PARTITION_FITTER_PRESERVATION_LEVEL  ; -- (Not supported for targeted family) ; --            ; --          ; Top            ;
; PARTITION_NETLIST_TYPE               ; -- (Not supported for targeted family) ; --            ; --          ; Top            ;
; PROJECT_OUTPUT_DIRECTORY             ; output_files                           ; --            ; --          ; --             ;
+--------------------------------------+----------------------------------------+---------------+-------------+----------------+


+-------------------------------------------------------------------------------------------------------------------------------+
; Flow Elapsed Time                                                                                                             ;
+---------------------------+--------------+-------------------------+---------------------+------------------------------------+
; Module Name               ; Elapsed Time ; Average Processors Used ; Peak Virtual Memory ; Total CPU Time (on all processors) ;
+---------------------------+--------------+-------------------------+---------------------+------------------------------------+
; Analysis & Synthesis      ; 00:00:16     ; 1.0                     ; 707 MB              ; 00:00:35                           ;
; Fitter                    ; 00:00:04     ; 1.0                     ; 1086 MB             ; 00:00:04                           ;
; Assembler                 ; 00:00:01     ; 1.0                     ; 556 MB              ; 00:00:01                           ;
; TimeQuest Timing Analyzer ; 00:00:02     ; 1.0                     ; 599 MB              ; 00:00:02                           ;
; EDA Netlist Writer        ; 00:00:02     ; 1.0                     ; 517 MB              ; 00:00:01                           ;
; Total                     ; 00:00:25     ; --                      ; --                  ; 00:00:43                           ;
+---------------------------+--------------+-------------------------+---------------------+------------------------------------+


+-----------------------------------------------------------------------------------------+
; Flow OS Summary                                                                         ;
+---------------------------+------------------+------------+------------+----------------+
; Module Name               ; Machine Hostname ; OS Name    ; OS Version ; Processor type ;
+---------------------------+------------------+------------+------------+----------------+
; Analysis & Synthesis      ; DESKTOP-VOJ5OBA  ; Windows 10 ; 10.0       ; x86_64         ;
; Fitter                    ; DESKTOP-VOJ5OBA  ; Windows 10 ; 10.0       ; x86_64         ;
; Assembler                 ; DESKTOP-VOJ5OBA  ; Windows 10 ; 10.0       ; x86_64         ;
; TimeQuest Timing Analyzer ; DESKTOP-VOJ5OBA  ; Windows 10 ; 10.0       ; x86_64         ;
; EDA Netlist Writer        ; DESKTOP-VOJ5OBA  ; Windows 10 ; 10.0       ; x86_64         ;
+---------------------------+------------------+------------+------------+----------------+


------------
; Flow Log ;
------------
quartus_map --read_settings_files=on --write_settings_files=off microprocessor -c microprocessor
quartus_fit --read_settings_files=off --write_settings_files=off microprocessor -c microprocessor
quartus_asm --read_settings_files=off --write_settings_files=off microprocessor -c microprocessor
quartus_sta microprocessor -c microprocessor
quartus_eda --read_settings_files=off --write_settings_files=off microprocessor -c microprocessor



